[2025-12-30 13:32:44.360] [MANGOHUD] [warning] [overlay_params.cpp:1139] You have specified both gpu_list and pci_dev, ignoring pci_dev.
[2025-12-30 13:32:44.360] [MANGOHUD] [info] [gpu.cpp:89] Set renderD128 as active GPU (driver=amdgpu id=1002:744c pci_dev=0000:03:00.0)
Selected GPU 0: AMD Radeon RX 7900 XTX (RADV NAVI31), type: DiscreteGpu
[2025-12-30 13:32:44.395] [MANGOHUD] [error] [battery.cpp:29] No battery found
Instance Vulkan API version: 1.0.0
Instance layer: VK_LAYER_VALVE_steam_overlay_32
Instance layer: VK_LAYER_VALVE_steam_overlay_64
Instance layer: VK_LAYER_VALVE_steam_fossilize_32
Instance layer: VK_LAYER_VALVE_steam_fossilize_64
Instance layer: VK_LAYER_MANGOHUD_overlay_x86
Instance layer: VK_LAYER_MANGOHUD_overlay_x86_64
Instance layer: VK_LAYER_VKBASALT_post_processing
Instance layer: VK_LAYER_MESA_anti_lag
Instance layer: VK_LAYER_MESA_device_select
Instance layer: VK_LAYER_FROG_gamescope_wsi_x86_64
Instance layer: VK_LAYER_MESA_overlay
Instance extension: VK_KHR_device_group_creation
Instance extension: VK_KHR_display
Instance extension: VK_KHR_external_fence_capabilities
Instance extension: VK_KHR_external_memory_capabilities
Instance extension: VK_KHR_external_semaphore_capabilities
Instance extension: VK_KHR_get_display_properties2
Instance extension: VK_KHR_get_physical_device_properties2
Instance extension: VK_KHR_get_surface_capabilities2
Instance extension: VK_KHR_surface
Instance extension: VK_KHR_surface_protected_capabilities
Instance extension: VK_KHR_wayland_surface
Instance extension: VK_KHR_xcb_surface
Instance extension: VK_KHR_xlib_surface
Instance extension: VK_EXT_acquire_drm_display
Instance extension: VK_EXT_acquire_xlib_display
Instance extension: VK_EXT_debug_report
Instance extension: VK_EXT_debug_utils
Instance extension: VK_EXT_direct_mode_display
Instance extension: VK_EXT_display_surface_counter
Instance extension: VK_EXT_headless_surface
Instance extension: VK_KHR_surface_maint[2025-12-30 13:34:01.127] [MANGOHUD] [warning] [overlay_params.cpp:1139] You have specified both gpu_list and pci_dev, ignoring pci_dev.
[2025-12-30 13:34:01.128] [MANGOHUD] [info] [gpu.cpp:89] Set renderD128 as active GPU (driver=amdgpu id=1002:744c pci_dev=0000:03:00.0)
enance1
Instance extension: VK_EXT_surface_maintenance1
Instance extension: VK_EXT_swapchain_colorspace
Instance extension: VK_KHR_portability_enumeration
Instance extension: VK_LUNARG_direct_driver_loading
Device name: AMD Radeon RX 7900 XTX (RADV NAVI31)
Device Vendor ID: 0x00001002
Device ID: 0x0000744C
Device Vulkan API version: 1.4.335
Device driver version: 25.99.99
Device layer: VK_LAYER_MANGOHUD_overlay_x86
Device layer: VK_LAYER_MANGOHUD_overlay_x86_64
Device layer: VK_LAYER_MESA_device_select
Device extension: VK_KHR_8bit_storage
Device extension: VK_KHR_16bit_storage
Device extension: VK_KHR_acceleration_structure
Device extension: VK_KHR_bind_memory2
Device extension: VK_KHR_buffer_device_address
Device extension: VK_KHR_calibrated_timestamps
Device extension: VK_KHR_compute_shader_derivatives
Device extension: VK_KHR_cooperative_matrix
Device extension: VK_KHR_copy_commands2
Device extension: VK_KHR_create_renderpass2
Device extension: VK_KHR_dedicated_allocation
Device extension: VK_KHR_deferred_host_operations
Device extension: VK_KHR_depth_clamp_zero_one
Device extension: VK_KHR_depth_stencil_resolve
Device extension: VK_KHR_descriptor_update_template
Device extension: VK_KHR_device_group
Device extension: VK_KHR_draw_indirect_count
Device extension: VK_KHR_driver_properties
Device extension: VK_KHR_dynamic_rendering
Device extension: VK_KHR_dynamic_rendering_local_read
Device extension: VK_KHR_external_fence
Device extension: VK_KHR_external_fence_fd
Device extension: VK_KHR_external_memory
Device extension: VK_KHR_external_memory_fd
Device extension: VK_KHR_external_semaphore
Device extension: VK_KHR_external_semaphore_fd
Device extension: VK_KHR_format_feature_flags2
Device extension: VK_KHR_fragment_shader_barycentric
Device extension: VK_KHR_fragment_shading_rate
Device extension: VK_KHR_get_memory_requirements2
Device extension: VK_KHR_global_priority
Device extension: VK_KHR_image_format_list
Device extension: VK_KHR_imageless_framebuffer
Device extension: VK_KHR_incremental_present
Device extension: VK_KHR_index_type_uint8
Device extension: VK_KHR_line_rasterization
Device extension: VK_KHR_load_store_op_none
Device extension: VK_KHR_maintenance1
Device extension: VK_KHR_maintenance2
Device extension: VK_KHR_maintenance3
Device extension: VK_KHR_maintenance4
Device extension: VK_KHR_maintenance5
Device extension: VK_KHR_maintenance6
Device extension: VK_KHR_maintenance7
Device extension: VK_KHR_maintenance8
Device extension: VK_KHR_maintenance9
Device extension: VK_KHR_maintenance10
Device extension: VK_KHR_map_memory2
Device extension: VK_KHR_multiview
Device extension: VK_KHR_pipeline_binary
Device extension: VK_KHR_pipeline_executable_properties
Device extension: VK_KHR_pipeline_library
Device extension: VK_KHR_present_id
Device extension: VK_KHR_present_id2
Device extension: VK_KHR_present_wait
Device extension: VK_KHR_present_wait2
Device extension: VK_KHR_push_descriptor
Device extension: VK_KHR_ray_query
Device extension: VK_KHR_ray_tracing_maintenance1
Device extension: VK_KHR_ray_tracing_pipeline
Device extension: VK_KHR_ray_tracing_position_fetch
Device extension: VK_KHR_relaxed_block_layout
Device extension: VK_KHR_robustness2
Device extension: VK_KHR_sampler_mirror_clamp_to_edge
Device extension: VK_KHR_sampler_ycbcr_conversion
Device extension: VK_KHR_separate_depth_stencil_layouts
Device extension: VK_KHR_shader_atomic_int64
Device extension: VK_KHR_shader_clock
Device extension: VK_KHR_shader_draw_parameters
Device extension: VK_KHR_shader_expect_assume
Device extension: VK_KHR_shader_float16_int8
Device extension: VK_KHR_shader_float_controls
Device extension: VK_KHR_shader_float_controls2
Device extension: VK_KHR_shader_integer_dot_product
Device extension: VK_KHR_shader_maximal_reconvergence
Device extension: VK_KHR_shader_non_semantic_info
Device extension: VK_KHR_shader_quad_control
Device extension: VK_KHR_shader_relaxed_extended_instruction
Device extension: VK_KHR_shader_subgroup_extended_types
Device extension: VK_KHR_shader_subgroup_rotate
Device extension: VK_KHR_shader_subgroup_uniform_control_flow
Device extension: VK_KHR_shader_terminate_invocation
Device extension: VK_KHR_shader_untyped_pointers
Device extension: VK_KHR_spirv_1_4
Device extension: VK_KHR_storage_buffer_storage_class
Device extension: VK_KHR_swapchain
Device extension: VK_KHR_swapchain_maintenance1
Device extension: VK_KHR_swapchain_mutable_format
Device extension: VK_KHR_synchronization2
Device extension: VK_KHR_timeline_semaphore
Device extension: VK_KHR_unified_image_layouts
Device extension: VK_KHR_uniform_buffer_standard_layout
Device extension: VK_KHR_variable_pointers
Device extension: VK_KHR_vertex_attribute_divisor
Device extension: VK_KHR_video_decode_av1
Device extension: VK_KHR_video_decode_h264
Device extension: VK_KHR_video_decode_h265
Device extension: VK_KHR_video_decode_queue
Device extension: VK_KHR_video_decode_vp9
Device extension: VK_KHR_video_encode_av1
Device extension: VK_KHR_video_encode_h264
Device extension: VK_KHR_video_encode_h265
Device extension: VK_KHR_video_encode_intra_refresh
Device extension: VK_KHR_video_encode_quantization_map
Device extension: VK_KHR_video_encode_queue
Device extension: VK_KHR_video_maintenance1
Device extension: VK_KHR_video_maintenance2
Device extension: VK_KHR_video_queue
Device extension: VK_KHR_vulkan_memory_model
Device extension: VK_KHR_workgroup_memory_explicit_layout
Device extension: VK_KHR_zero_initialize_workgroup_memory
Device extension: VK_EXT_4444_formats
Device extension: VK_EXT_attachment_feedback_loop_dynamic_state
Device extension: VK_EXT_attachment_feedback_loop_layout
Device extension: VK_EXT_border_color_swizzle
Device extension: VK_EXT_buffer_device_address
Device extension: VK_EXT_calibrated_timestamps
Device extension: VK_EXT_color_write_enable
Device extension: VK_EXT_conditional_rendering
Device extension: VK_EXT_conservative_rasterization
Device extension: VK_EXT_custom_border_color
Device extension: VK_EXT_custom_resolve
Device extension: VK_EXT_depth_bias_control
Device extension: VK_EXT_depth_clamp_control
Device extension: VK_EXT_depth_clamp_zero_one
Device extension: VK_EXT_depth_clip_control
Device extension: VK_EXT_depth_clip_enable
Device extension: VK_EXT_depth_range_unrestricted
Device extension: VK_EXT_descriptor_buffer
Device extension: VK_EXT_descriptor_indexing
Device extension: VK_EXT_device_address_binding_report
Device extension: VK_EXT_device_fault
Device extension: VK_EXT_device_generated_commands
Device extension: VK_EXT_device_memory_report
Device extension: VK_EXT_discard_rectangles
Device extension: VK_EXT_display_control
Device extension: VK_EXT_dynamic_rendering_unused_attachments
Device extension: VK_EXT_extended_dynamic_state
Device extension: VK_EXT_extended_dynamic_state2
Device extension: VK_EXT_extended_dynamic_state3
Device extension: VK_EXT_external_memory_acquire_unmodified
Device extension: VK_EXT_external_memory_dma_buf
Device extension: VK_EXT_external_memory_host
Device extension: VK_EXT_fragment_shader_interlock
Device extension: VK_EXT_global_priority
Device extension: VK_EXT_global_priority_query
Device extension: VK_EXT_graphics_pipeline_library
Device extension: VK_EXT_hdr_metadata
Device extension: VK_EXT_host_query_reset
Device extension: VK_EXT_image_2d_view_of_3d
Device extension: VK_EXT_image_compression_control
Device extension: VK_EXT_image_drm_format_modifier
Device extension: VK_EXT_image_robustness
Device extension: VK_EXT_image_sliced_view_of_3d
Device extension: VK_EXT_image_view_min_lod
Device extension: VK_EXT_index_type_uint8
Device extension: VK_EXT_inline_uniform_block
Device extension: VK_EXT_legacy_vertex_attributes
Device extension: VK_EXT_line_rasterization
Device extension: VK_EXT_load_store_op_none
Device extension: VK_EXT_map_memory_placed
Device extension: VK_EXT_memory_budget
Device extension: VK_EXT_memory_priority
Device extension: VK_EXT_mesh_shader
Device extension: VK_EXT_multi_draw
Device extension: VK_EXT_mutable_descriptor_type
Device extension: VK_EXT_nested_command_buffer
Device extension: VK_EXT_non_seamless_cube_map
Device extension: VK_EXT_pci_bus_info
Device extension: VK_EXT_physical_device_drm
Device extension: VK_EXT_pipeline_creation_cache_control
Device extension: VK_EXT_pipeline_creation_feedback
Device extension: VK_EXT_pipeline_library_group_handles
Device extension: VK_EXT_pipeline_robustness
Device extension: VK_EXT_post_depth_coverage
Device extension: VK_EXT_primitive_topology_list_restart
Device extension: VK_EXT_primitives_generated_query
Device extension: VK_EXT_private_data
Device extension: VK_EXT_provoking_vertex
Device extension: VK_EXT_queue_family_foreign
Device extension: VK_EXT_robustness2
Device extension: VK_EXT_sample_locations
Device extension: VK_EXT_sampler_filter_minmax
Device extension: VK_EXT_scalar_block_layout
Device extension: VK_EXT_separate_stencil_usage
Device extension: VK_EXT_shader_atomic_float
Device extension: VK_EXT_shader_atomic_float2
Device extension: VK_EXT_shader_demote_to_helper_invocation
Device extension: VK_EXT_shader_image_atomic_int64
Device extension: VK_EXT_shader_module_identifier
Device extension: VK_EXT_shader_object
Device extension: VK_EXT_shader_replicated_composites
Device extension: VK_EXT_shader_stencil_export
Device extension: VK_EXT_shader_subgroup_ballot
Device extension: VK_EXT_shader_subgroup_vote
Device extension: VK_EXT_shader_uniform_buffer_unsized_array
Device extension: VK_EXT_shader_viewport_index_layer
Device extension: VK_EXT_subgroup_size_control
Device extension: VK_EXT_swapchain_maintenance1
Device extension: VK_EXT_texel_buffer_alignment
Device extension: VK_EXT_tooling_info
Device extension: VK_EXT_transform_feedback
Device extension: VK_EXT_vertex_attribute_divisor
Device extension: VK_EXT_vertex_input_dynamic_state
Device extension: VK_EXT_ycbcr_2plane_444_formats
Device extension: VK_EXT_ycbcr_image_arrays
Device extension: VK_EXT_zero_initialize_device_memory
Device extension: VK_AMD_buffer_marker
Device extension: VK_AMD_device_coherent_memory
Device extension: VK_AMD_draw_indirect_count
Device extension: VK_AMD_gcn_shader
Device extension: VK_AMD_gpu_shader_half_float
Device extension: VK_AMD_gpu_shader_int16
Device extension: VK_AMD_memory_overallocation_behavior
Device extension: VK_AMD_mixed_attachment_samples
Device extension: VK_AMD_shader_ballot
Device extension: VK_AMD_shader_core_properties
Device extension: VK_AMD_shader_core_properties2
Device extension: VK_AMD_shader_early_and_late_fragment_tests
Device extension: VK_AMD_shader_explicit_vertex_parameter
Device extension: VK_AMD_shader_image_load_store_lod
Device extension: VK_AMD_shader_trinary_minmax
Device extension: VK_GOOGLE_decorate_string
Device extension: VK_GOOGLE_hlsl_functionality1
Device extension: VK_GOOGLE_user_type
Device extension: VK_INTEL_shader_integer_functions2
Device extension: VK_MESA_image_alignment_control
Device extension: VK_NV_compute_shad[2025-12-30 13:34:01.447] [MANGOHUD] [error] [battery.cpp:29] No battery found
